{"C:\\Users\\Offio\\OneDrive\\Desktop\\array-methods-exercises\\Exercises\\Array Filter\\NoMoreEvens.js": {"path":"C:\\Users\\Offio\\OneDrive\\Desktop\\array-methods-exercises\\Exercises\\Array Filter\\NoMoreEvens.js","statementMap":{"0":{"start":{"line":3,"column":20},"end":{"line":8,"column":1}},"1":{"start":{"line":4,"column":4},"end":{"line":7,"column":6}},"2":{"start":{"line":5,"column":8},"end":{"line":5,"column":30}},"3":{"start":{"line":5,"column":24},"end":{"line":5,"column":30}},"4":{"start":{"line":6,"column":8},"end":{"line":6,"column":16}},"5":{"start":{"line":10,"column":0},"end":{"line":10,"column":41}},"6":{"start":{"line":12,"column":0},"end":{"line":12,"column":28}}},"fnMap":{"0":{"name":"(anonymous_0)","decl":{"start":{"line":3,"column":20},"end":{"line":3,"column":21}},"loc":{"start":{"line":3,"column":27},"end":{"line":8,"column":1}},"line":3},"1":{"name":"(anonymous_1)","decl":{"start":{"line":4,"column":22},"end":{"line":4,"column":23}},"loc":{"start":{"line":4,"column":27},"end":{"line":7,"column":5}},"line":4}},"branchMap":{"0":{"loc":{"start":{"line":5,"column":8},"end":{"line":5,"column":30}},"type":"if","locations":[{"start":{"line":5,"column":8},"end":{"line":5,"column":30}},{"start":{},"end":{}}],"line":5}},"s":{"0":1,"1":2,"2":14,"3":8,"4":6,"5":1,"6":1},"f":{"0":2,"1":14},"b":{"0":[8,6]},"_coverageSchema":"1a1c01bbd47fc00a2c39e90264f33305004495a9","hash":"d530bebb0adb11176dec6c2f35a85cd77ac6044b"}
,"C:\\Users\\Offio\\OneDrive\\Desktop\\array-methods-exercises\\Exercises\\Array Filter\\PrimesOnly.js": {"path":"C:\\Users\\Offio\\OneDrive\\Desktop\\array-methods-exercises\\Exercises\\Array Filter\\PrimesOnly.js","statementMap":{"0":{"start":{"line":3,"column":19},"end":{"line":10,"column":1}},"1":{"start":{"line":4,"column":4},"end":{"line":9,"column":6}},"2":{"start":{"line":5,"column":8},"end":{"line":7,"column":9}},"3":{"start":{"line":5,"column":20},"end":{"line":5,"column":21}},"4":{"start":{"line":6,"column":13},"end":{"line":6,"column":35}},"5":{"start":{"line":6,"column":29},"end":{"line":6,"column":35}},"6":{"start":{"line":8,"column":8},"end":{"line":8,"column":20}},"7":{"start":{"line":11,"column":0},"end":{"line":11,"column":33}},"8":{"start":{"line":13,"column":0},"end":{"line":13,"column":27}}},"fnMap":{"0":{"name":"(anonymous_0)","decl":{"start":{"line":3,"column":19},"end":{"line":3,"column":20}},"loc":{"start":{"line":3,"column":26},"end":{"line":10,"column":1}},"line":3},"1":{"name":"(anonymous_1)","decl":{"start":{"line":4,"column":22},"end":{"line":4,"column":23}},"loc":{"start":{"line":4,"column":29},"end":{"line":9,"column":5}},"line":4}},"branchMap":{"0":{"loc":{"start":{"line":6,"column":13},"end":{"line":6,"column":35}},"type":"if","locations":[{"start":{"line":6,"column":13},"end":{"line":6,"column":35}},{"start":{},"end":{}}],"line":6}},"s":{"0":1,"1":2,"2":6,"3":6,"4":14,"5":4,"6":2,"7":1,"8":1},"f":{"0":2,"1":6},"b":{"0":[4,10]},"_coverageSchema":"1a1c01bbd47fc00a2c39e90264f33305004495a9","hash":"bd73c54416ec7be1977696663b9d16d03f06eaa5"}
,"C:\\Users\\Offio\\OneDrive\\Desktop\\array-methods-exercises\\Exercises\\Array Filter\\RemoveEmpty.js": {"path":"C:\\Users\\Offio\\OneDrive\\Desktop\\array-methods-exercises\\Exercises\\Array Filter\\RemoveEmpty.js","statementMap":{"0":{"start":{"line":4,"column":20},"end":{"line":9,"column":1}},"1":{"start":{"line":5,"column":4},"end":{"line":8,"column":6}},"2":{"start":{"line":6,"column":8},"end":{"line":6,"column":27}},"3":{"start":{"line":6,"column":21},"end":{"line":6,"column":27}},"4":{"start":{"line":7,"column":8},"end":{"line":7,"column":16}},"5":{"start":{"line":12,"column":0},"end":{"line":12,"column":28}}},"fnMap":{"0":{"name":"(anonymous_0)","decl":{"start":{"line":4,"column":20},"end":{"line":4,"column":21}},"loc":{"start":{"line":4,"column":27},"end":{"line":9,"column":1}},"line":4},"1":{"name":"(anonymous_1)","decl":{"start":{"line":5,"column":22},"end":{"line":5,"column":23}},"loc":{"start":{"line":5,"column":29},"end":{"line":8,"column":5}},"line":5}},"branchMap":{"0":{"loc":{"start":{"line":6,"column":8},"end":{"line":6,"column":27}},"type":"if","locations":[{"start":{"line":6,"column":8},"end":{"line":6,"column":27}},{"start":{},"end":{}}],"line":6}},"s":{"0":1,"1":1,"2":5,"3":3,"4":2,"5":1},"f":{"0":1,"1":5},"b":{"0":[3,2]},"_coverageSchema":"1a1c01bbd47fc00a2c39e90264f33305004495a9","hash":"10c575db6ba235c2ea8ac5dfedd32fbdf5318c2c"}
,"C:\\Users\\Offio\\OneDrive\\Desktop\\array-methods-exercises\\Exercises\\Array Map\\Append.js": {"path":"C:\\Users\\Offio\\OneDrive\\Desktop\\array-methods-exercises\\Exercises\\Array Map\\Append.js","statementMap":{"0":{"start":{"line":3,"column":15},"end":{"line":7,"column":1}},"1":{"start":{"line":4,"column":4},"end":{"line":6,"column":6}},"2":{"start":{"line":5,"column":8},"end":{"line":5,"column":22}},"3":{"start":{"line":9,"column":0},"end":{"line":9,"column":56}},"4":{"start":{"line":11,"column":0},"end":{"line":11,"column":23}}},"fnMap":{"0":{"name":"(anonymous_0)","decl":{"start":{"line":3,"column":15},"end":{"line":3,"column":16}},"loc":{"start":{"line":3,"column":29},"end":{"line":7,"column":1}},"line":3},"1":{"name":"(anonymous_1)","decl":{"start":{"line":4,"column":19},"end":{"line":4,"column":20}},"loc":{"start":{"line":4,"column":26},"end":{"line":6,"column":5}},"line":4}},"branchMap":{},"s":{"0":1,"1":3,"2":8,"3":1,"4":1},"f":{"0":3,"1":8},"b":{},"_coverageSchema":"1a1c01bbd47fc00a2c39e90264f33305004495a9","hash":"336e1a3f76b4d59c033d3f0e655ec7e510f28c01"}
,"C:\\Users\\Offio\\OneDrive\\Desktop\\array-methods-exercises\\Exercises\\Array Map\\RunOnEach.js": {"path":"C:\\Users\\Offio\\OneDrive\\Desktop\\array-methods-exercises\\Exercises\\Array Map\\RunOnEach.js","statementMap":{"0":{"start":{"line":5,"column":18},"end":{"line":7,"column":1}},"1":{"start":{"line":6,"column":6},"end":{"line":6,"column":25}},"2":{"start":{"line":9,"column":23},"end":{"line":11,"column":2}},"3":{"start":{"line":10,"column":4},"end":{"line":10,"column":16}},"4":{"start":{"line":13,"column":0},"end":{"line":13,"column":27}},"5":{"start":{"line":15,"column":0},"end":{"line":15,"column":26}}},"fnMap":{"0":{"name":"(anonymous_0)","decl":{"start":{"line":5,"column":18},"end":{"line":5,"column":19}},"loc":{"start":{"line":5,"column":32},"end":{"line":7,"column":1}},"line":5},"1":{"name":"(anonymous_1)","decl":{"start":{"line":9,"column":49},"end":{"line":9,"column":50}},"loc":{"start":{"line":9,"column":56},"end":{"line":11,"column":1}},"line":9}},"branchMap":{},"s":{"0":1,"1":2,"2":1,"3":4,"4":1,"5":1},"f":{"0":2,"1":4},"b":{},"_coverageSchema":"1a1c01bbd47fc00a2c39e90264f33305004495a9","hash":"3843f0368ea0cdf63937588fcbb550514f906028"}
,"C:\\Users\\Offio\\OneDrive\\Desktop\\array-methods-exercises\\Exercises\\Array Map\\firstXToZero.js": {"path":"C:\\Users\\Offio\\OneDrive\\Desktop\\array-methods-exercises\\Exercises\\Array Map\\firstXToZero.js","statementMap":{"0":{"start":{"line":6,"column":22},"end":{"line":11,"column":1}},"1":{"start":{"line":7,"column":4},"end":{"line":10,"column":6}},"2":{"start":{"line":8,"column":8},"end":{"line":8,"column":28}},"3":{"start":{"line":8,"column":20},"end":{"line":8,"column":28}},"4":{"start":{"line":9,"column":8},"end":{"line":9,"column":16}},"5":{"start":{"line":15,"column":0},"end":{"line":15,"column":30}}},"fnMap":{"0":{"name":"(anonymous_0)","decl":{"start":{"line":6,"column":22},"end":{"line":6,"column":23}},"loc":{"start":{"line":6,"column":36},"end":{"line":11,"column":1}},"line":6},"1":{"name":"(anonymous_1)","decl":{"start":{"line":7,"column":19},"end":{"line":7,"column":20}},"loc":{"start":{"line":7,"column":29},"end":{"line":10,"column":5}},"line":7}},"branchMap":{"0":{"loc":{"start":{"line":8,"column":8},"end":{"line":8,"column":28}},"type":"if","locations":[{"start":{"line":8,"column":8},"end":{"line":8,"column":28}},{"start":{},"end":{}}],"line":8}},"s":{"0":1,"1":1,"2":5,"3":2,"4":3,"5":1},"f":{"0":1,"1":5},"b":{"0":[2,3]},"_coverageSchema":"1a1c01bbd47fc00a2c39e90264f33305004495a9","hash":"e0c35b26ceb459d39d11fc2125dbcb7d3f4db5e4"}
,"C:\\Users\\Offio\\OneDrive\\Desktop\\array-methods-exercises\\Exercises\\Array Map\\nonPrimeToZero.js": {"path":"C:\\Users\\Offio\\OneDrive\\Desktop\\array-methods-exercises\\Exercises\\Array Map\\nonPrimeToZero.js","statementMap":{"0":{"start":{"line":4,"column":23},"end":{"line":12,"column":1}},"1":{"start":{"line":5,"column":4},"end":{"line":11,"column":6}},"2":{"start":{"line":6,"column":7},"end":{"line":9,"column":8}},"3":{"start":{"line":6,"column":19},"end":{"line":6,"column":20}},"4":{"start":{"line":7,"column":11},"end":{"line":7,"column":37}},"5":{"start":{"line":7,"column":29},"end":{"line":7,"column":37}},"6":{"start":{"line":10,"column":7},"end":{"line":10,"column":15}},"7":{"start":{"line":13,"column":0},"end":{"line":13,"column":42}},"8":{"start":{"line":14,"column":0},"end":{"line":14,"column":31}}},"fnMap":{"0":{"name":"(anonymous_0)","decl":{"start":{"line":4,"column":23},"end":{"line":4,"column":24}},"loc":{"start":{"line":4,"column":30},"end":{"line":12,"column":1}},"line":4},"1":{"name":"(anonymous_1)","decl":{"start":{"line":5,"column":19},"end":{"line":5,"column":20}},"loc":{"start":{"line":5,"column":26},"end":{"line":11,"column":5}},"line":5}},"branchMap":{"0":{"loc":{"start":{"line":7,"column":11},"end":{"line":7,"column":37}},"type":"if","locations":[{"start":{"line":7,"column":11},"end":{"line":7,"column":37}},{"start":{},"end":{}}],"line":7}},"s":{"0":1,"1":2,"2":12,"3":12,"4":22,"5":4,"6":8,"7":1,"8":1},"f":{"0":2,"1":12},"b":{"0":[4,18]},"_coverageSchema":"1a1c01bbd47fc00a2c39e90264f33305004495a9","hash":"ad1e868b55ec13f5ed30741374ddeec9786119f8"}
}
