TN:
SF:Exercises\Array Filter\NoMoreEvens.js
FN:3,(anonymous_0)
FN:4,(anonymous_1)
FNF:2
FNH:2
FNDA:2,(anonymous_0)
FNDA:14,(anonymous_1)
DA:3,1
DA:4,2
DA:5,14
DA:6,6
DA:10,1
DA:12,1
LF:6
LH:6
BRDA:5,0,0,8
BRDA:5,0,1,6
BRF:2
BRH:2
end_of_record
TN:
SF:Exercises\Array Filter\PrimesOnly.js
FN:3,(anonymous_0)
FN:4,(anonymous_1)
FNF:2
FNH:2
FNDA:2,(anonymous_0)
FNDA:6,(anonymous_1)
DA:3,1
DA:4,2
DA:5,6
DA:6,14
DA:8,2
DA:11,1
DA:13,1
LF:7
LH:7
BRDA:6,0,0,4
BRDA:6,0,1,10
BRF:2
BRH:2
end_of_record
TN:
SF:Exercises\Array Filter\RemoveEmpty.js
FN:4,(anonymous_0)
FN:5,(anonymous_1)
FNF:2
FNH:2
FNDA:1,(anonymous_0)
FNDA:5,(anonymous_1)
DA:4,1
DA:5,1
DA:6,5
DA:7,2
DA:12,1
LF:5
LH:5
BRDA:6,0,0,3
BRDA:6,0,1,2
BRF:2
BRH:2
end_of_record
TN:
SF:Exercises\Array Map\Append.js
FN:3,(anonymous_0)
FN:4,(anonymous_1)
FNF:2
FNH:2
FNDA:3,(anonymous_0)
FNDA:8,(anonymous_1)
DA:3,1
DA:4,3
DA:5,8
DA:9,1
DA:11,1
LF:5
LH:5
BRF:0
BRH:0
end_of_record
TN:
SF:Exercises\Array Map\RunOnEach.js
FN:5,(anonymous_0)
FN:9,(anonymous_1)
FNF:2
FNH:2
FNDA:2,(anonymous_0)
FNDA:4,(anonymous_1)
DA:5,1
DA:6,2
DA:9,1
DA:10,4
DA:13,1
DA:15,1
LF:6
LH:6
BRF:0
BRH:0
end_of_record
TN:
SF:Exercises\Array Map\firstXToZero.js
FN:6,(anonymous_0)
FN:7,(anonymous_1)
FNF:2
FNH:2
FNDA:1,(anonymous_0)
FNDA:5,(anonymous_1)
DA:6,1
DA:7,1
DA:8,5
DA:9,3
DA:15,1
LF:5
LH:5
BRDA:8,0,0,2
BRDA:8,0,1,3
BRF:2
BRH:2
end_of_record
TN:
SF:Exercises\Array Map\nonPrimeToZero.js
FN:4,(anonymous_0)
FN:5,(anonymous_1)
FNF:2
FNH:2
FNDA:2,(anonymous_0)
FNDA:12,(anonymous_1)
DA:4,1
DA:5,2
DA:6,12
DA:7,22
DA:10,8
DA:13,1
DA:14,1
LF:7
LH:7
BRDA:7,0,0,4
BRDA:7,0,1,18
BRF:2
BRH:2
end_of_record
